# JRE version: OpenJDK Runtime Environment (17.0.9) (build 17.0.9+0--11185874)
# Java VM: OpenJDK 64-Bit Server VM (17.0.9+0--11185874, mixed mode, tiered, compressed oops, compressed class ptrs, g1 gc, windows-amd64)
GC Precious Log:
 CPUs: 8 total, 8 available
 Memory: 16106M
 Large Page Support: Disabled
 NUMA Support: Disabled
 Compressed Oops: Enabled (32-bit)
 Heap Region Size: 1M
 Heap Min Capacity: 8M
 Heap Initial Capacity: 252M
 Heap Max Capacity: 2G
 Pre-touch: Disabled
 Parallel Workers: 8
 Concurrent Workers: 2
 Concurrent Refinement Workers: 8
 Periodic GC: Disabled
Heap:
 garbage-first heap   total 384000K, used 232595K [0x0000000080000000, 0x0000000100000000)
  region size 1024K, 101 young (103424K), 8 survivors (8192K)
 Metaspace       used 144592K, committed 145600K, reserved 1179648K
  class space    used 19962K, committed 20416K, reserved 1048576K
GC Heap History (20 events):
Event: 13.823 GC heap before
{Heap before GC invocations=45 (full 0):
 garbage-first heap   total 205824K, used 155883K [0x0000000080000000, 0x0000000100000000)
  region size 1024K, 55 young (56320K), 4 survivors (4096K)
 Metaspace       used 104795K, committed 105536K, reserved 1179648K
  class space    used 14336K, committed 14656K, reserved 1048576K
}
Event: 13.830 GC heap after
{Heap after GC invocations=46 (full 0):
 garbage-first heap   total 205824K, used 108000K [0x0000000080000000, 0x0000000100000000)
  region size 1024K, 7 young (7168K), 7 survivors (7168K)
 Metaspace       used 104795K, committed 105536K, reserved 1179648K
  class space    used 14336K, committed 14656K, reserved 1048576K
}
Event: 14.057 GC heap before
{Heap before GC invocations=46 (full 0):
 garbage-first heap   total 205824K, used 159200K [0x0000000080000000, 0x0000000100000000)
  region size 1024K, 58 young (59392K), 7 survivors (7168K)
 Metaspace       used 105067K, committed 105792K, reserved 1179648K
  class space    used 14365K, committed 14720K, reserved 1048576K
}
Event: 14.064 GC heap after
{Heap after GC invocations=47 (full 0):
 garbage-first heap   total 205824K, used 111200K [0x0000000080000000, 0x0000000100000000)
  region size 1024K, 7 young (7168K), 7 survivors (7168K)
 Metaspace       used 105067K, committed 105792K, reserved 1179648K
  class space    used 14365K, committed 14720K, reserved 1048576K
}
Event: 14.793 GC heap before
{Heap before GC invocations=48 (full 0):
 garbage-first heap   total 206848K, used 162400K [0x0000000080000000, 0x0000000100000000)
  region size 1024K, 58 young (59392K), 7 survivors (7168K)
 Metaspace       used 108231K, committed 108992K, reserved 1179648K
  class space    used 14773K, committed 15104K, reserved 1048576K
}
Event: 14.803 GC heap after
{Heap after GC invocations=49 (full 0):
 garbage-first heap   total 206848K, used 115791K [0x0000000080000000, 0x0000000100000000)
  region size 1024K, 8 young (8192K), 8 survivors (8192K)
 Metaspace       used 108231K, committed 108992K, reserved 1179648K
  class space    used 14773K, committed 15104K, reserved 1048576K
}
Event: 15.023 GC heap before
{Heap before GC invocations=49 (full 0):
 garbage-first heap   total 206848K, used 164943K [0x0000000080000000, 0x0000000100000000)
  region size 1024K, 57 young (58368K), 8 survivors (8192K)
 Metaspace       used 109563K, committed 110400K, reserved 1179648K
  class space    used 14960K, committed 15360K, reserved 1048576K
}
Event: 15.034 GC heap after
{Heap after GC invocations=50 (full 0):
 garbage-first heap   total 206848K, used 119044K [0x0000000080000000, 0x0000000100000000)
  region size 1024K, 4 young (4096K), 4 survivors (4096K)
 Metaspace       used 109563K, committed 110400K, reserved 1179648K
  class space    used 14960K, committed 15360K, reserved 1048576K
}
Event: 16.643 GC heap before
{Heap before GC invocations=51 (full 0):
 garbage-first heap   total 208896K, used 167172K [0x0000000080000000, 0x0000000100000000)
  region size 1024K, 52 young (53248K), 4 survivors (4096K)
 Metaspace       used 110240K, committed 111040K, reserved 1179648K
  class space    used 15070K, committed 15424K, reserved 1048576K
}
Event: 16.654 GC heap after
{Heap after GC invocations=52 (full 0):
 garbage-first heap   total 208896K, used 120798K [0x0000000080000000, 0x0000000100000000)
  region size 1024K, 6 young (6144K), 6 survivors (6144K)
 Metaspace       used 110240K, committed 111040K, reserved 1179648K
  class space    used 15070K, committed 15424K, reserved 1048576K
}
Event: 16.675 GC heap before
{Heap before GC invocations=52 (full 0):
 garbage-first heap   total 208896K, used 124894K [0x0000000080000000, 0x0000000100000000)
  region size 1024K, 10 young (10240K), 6 survivors (6144K)
 Metaspace       used 110246K, committed 111040K, reserved 1179648K
  class space    used 15071K, committed 15424K, reserved 1048576K
}
Event: 16.683 GC heap after
{Heap after GC invocations=53 (full 0):
 garbage-first heap   total 208896K, used 121678K [0x0000000080000000, 0x0000000100000000)
  region size 1024K, 2 young (2048K), 2 survivors (2048K)
 Metaspace       used 110246K, committed 111040K, reserved 1179648K
  class space    used 15071K, committed 15424K, reserved 1048576K
}
Event: 17.322 GC heap before
{Heap before GC invocations=53 (full 0):
 garbage-first heap   total 208896K, used 170830K [0x0000000080000000, 0x0000000100000000)
  region size 1024K, 51 young (52224K), 2 survivors (2048K)
 Metaspace       used 114119K, committed 114944K, reserved 1179648K
  class space    used 15609K, committed 16000K, reserved 1048576K
}
Event: 17.341 GC heap after
{Heap after GC invocations=54 (full 0):
 garbage-first heap   total 384000K, used 128172K [0x0000000080000000, 0x0000000100000000)
  region size 1024K, 7 young (7168K), 7 survivors (7168K)
 Metaspace       used 114119K, committed 114944K, reserved 1179648K
  class space    used 15609K, committed 16000K, reserved 1048576K
}
Event: 19.820 GC heap before
{Heap before GC invocations=55 (full 0):
 garbage-first heap   total 384000K, used 295084K [0x0000000080000000, 0x0000000100000000)
  region size 1024K, 169 young (173056K), 7 survivors (7168K)
 Metaspace       used 127323K, committed 128192K, reserved 1179648K
  class space    used 17399K, committed 17792K, reserved 1048576K
}
Event: 19.839 GC heap after
{Heap after GC invocations=56 (full 0):
 garbage-first heap   total 384000K, used 136112K [0x0000000080000000, 0x0000000100000000)
  region size 1024K, 13 young (13312K), 13 survivors (13312K)
 Metaspace       used 127323K, committed 128192K, reserved 1179648K
  class space    used 17399K, committed 17792K, reserved 1048576K
}
Event: 19.905 GC heap before
{Heap before GC invocations=56 (full 0):
 garbage-first heap   total 384000K, used 140208K [0x0000000080000000, 0x0000000100000000)
  region size 1024K, 18 young (18432K), 13 survivors (13312K)
 Metaspace       used 127947K, committed 128832K, reserved 1179648K
  class space    used 17537K, committed 17984K, reserved 1048576K
}
Event: 19.919 GC heap after
{Heap after GC invocations=57 (full 0):
 garbage-first heap   total 384000K, used 132967K [0x0000000080000000, 0x0000000100000000)
  region size 1024K, 2 young (2048K), 2 survivors (2048K)
 Metaspace       used 127947K, committed 128832K, reserved 1179648K
  class space    used 17537K, committed 17984K, reserved 1048576K
}
Event: 70.044 GC heap before
{Heap before GC invocations=57 (full 0):
 garbage-first heap   total 384000K, used 362343K [0x0000000080000000, 0x0000000100000000)
  region size 1024K, 159 young (162816K), 2 survivors (2048K)
 Metaspace       used 143882K, committed 144832K, reserved 1179648K
  class space    used 19943K, committed 20416K, reserved 1048576K
}
Event: 70.054 GC heap after
{Heap after GC invocations=58 (full 0):
 garbage-first heap   total 384000K, used 139411K [0x0000000080000000, 0x0000000100000000)
  region size 1024K, 8 young (8192K), 8 survivors (8192K)
 Metaspace       used 143882K, committed 144832K, reserved 1179648K
  class space    used 19943K, committed 20416K, reserved 1048576K
}

