# JRE version: OpenJDK Runtime Environment (17.0.9) (build 17.0.9+0--11185874)
# Java VM: OpenJDK 64-Bit Server VM (17.0.9+0--11185874, mixed mode, tiered, compressed oops, compressed class ptrs, g1 gc, windows-amd64)
GC Precious Log:
 CPUs: 8 total, 8 available
 Memory: 16106M
 Large Page Support: Disabled
 NUMA Support: Disabled
 Compressed Oops: Enabled (32-bit)
 Heap Region Size: 1M
 Heap Min Capacity: 8M
 Heap Initial Capacity: 252M
 Heap Max Capacity: 2G
 Pre-touch: Disabled
 Parallel Workers: 8
 Concurrent Workers: 2
 Concurrent Refinement Workers: 8
 Periodic GC: Disabled
Heap:
 garbage-first heap   total 365568K, used 136122K [0x0000000080000000, 0x0000000100000000)
  region size 1024K, 10 young (10240K), 10 survivors (10240K)
 Metaspace       used 160670K, committed 162624K, reserved 1245184K
  class space    used 21029K, committed 22016K, reserved 1048576K
GC Heap History (20 events):
Event: 5365.574 GC heap after
{Heap after GC invocations=88 (full 0):
 garbage-first heap   total 419840K, used 152460K [0x0000000080000000, 0x0000000100000000)
  region size 1024K, 2 young (2048K), 2 survivors (2048K)
 Metaspace       used 156274K, committed 158720K, reserved 1245184K
  class space    used 20816K, committed 22016K, reserved 1048576K
}
Event: 5365.625 GC heap before
{Heap before GC invocations=88 (full 0):
 garbage-first heap   total 419840K, used 170892K [0x0000000080000000, 0x0000000100000000)
  region size 1024K, 20 young (20480K), 2 survivors (2048K)
 Metaspace       used 156360K, committed 158784K, reserved 1245184K
  class space    used 20817K, committed 22016K, reserved 1048576K
}
Event: 5365.630 GC heap after
{Heap after GC invocations=89 (full 0):
 garbage-first heap   total 419840K, used 152661K [0x0000000080000000, 0x0000000100000000)
  region size 1024K, 2 young (2048K), 2 survivors (2048K)
 Metaspace       used 156360K, committed 158784K, reserved 1245184K
  class space    used 20817K, committed 22016K, reserved 1048576K
}
Event: 5368.938 GC heap before
{Heap before GC invocations=89 (full 0):
 garbage-first heap   total 419840K, used 268373K [0x0000000080000000, 0x0000000100000000)
  region size 1024K, 117 young (119808K), 2 survivors (2048K)
 Metaspace       used 157732K, committed 159744K, reserved 1245184K
  class space    used 20961K, committed 22016K, reserved 1048576K
}
Event: 5368.947 GC heap after
{Heap after GC invocations=90 (full 0):
 garbage-first heap   total 419840K, used 162665K [0x0000000080000000, 0x0000000100000000)
  region size 1024K, 11 young (11264K), 11 survivors (11264K)
 Metaspace       used 157732K, committed 159744K, reserved 1245184K
  class space    used 20961K, committed 22016K, reserved 1048576K
}
Event: 5371.484 GC heap before
{Heap before GC invocations=91 (full 0):
 garbage-first heap   total 419840K, used 337769K [0x0000000080000000, 0x0000000100000000)
  region size 1024K, 185 young (189440K), 11 survivors (11264K)
 Metaspace       used 159870K, committed 161792K, reserved 1245184K
  class space    used 21077K, committed 22016K, reserved 1048576K
}
Event: 5371.537 GC heap after
{Heap after GC invocations=92 (full 0):
 garbage-first heap   total 419840K, used 165716K [0x0000000080000000, 0x0000000100000000)
  region size 1024K, 20 young (20480K), 20 survivors (20480K)
 Metaspace       used 159870K, committed 161792K, reserved 1245184K
  class space    used 21077K, committed 22016K, reserved 1048576K
}
Event: 5371.548 GC heap before
{Heap before GC invocations=92 (full 0):
 garbage-first heap   total 419840K, used 166740K [0x0000000080000000, 0x0000000100000000)
  region size 1024K, 21 young (21504K), 20 survivors (20480K)
 Metaspace       used 159888K, committed 161856K, reserved 1245184K
  class space    used 21078K, committed 22016K, reserved 1048576K
}
Event: 5371.578 GC heap after
{Heap after GC invocations=93 (full 0):
 garbage-first heap   total 419840K, used 158979K [0x0000000080000000, 0x0000000100000000)
  region size 1024K, 3 young (3072K), 3 survivors (3072K)
 Metaspace       used 159888K, committed 161856K, reserved 1245184K
  class space    used 21078K, committed 22016K, reserved 1048576K
}
Event: 5371.892 GC heap before
{Heap before GC invocations=93 (full 0):
 garbage-first heap   total 419840K, used 189699K [0x0000000080000000, 0x0000000100000000)
  region size 1024K, 35 young (35840K), 3 survivors (3072K)
 Metaspace       used 160168K, committed 162112K, reserved 1245184K
  class space    used 21080K, committed 22016K, reserved 1048576K
}
Event: 5371.897 GC heap after
{Heap after GC invocations=94 (full 0):
 garbage-first heap   total 419840K, used 158816K [0x0000000080000000, 0x0000000100000000)
  region size 1024K, 3 young (3072K), 3 survivors (3072K)
 Metaspace       used 160168K, committed 162112K, reserved 1245184K
  class space    used 21080K, committed 22016K, reserved 1048576K
}
Event: 8972.303 GC heap before
{Heap before GC invocations=95 (full 0):
 garbage-first heap   total 419840K, used 358496K [0x0000000080000000, 0x0000000100000000)
  region size 1024K, 123 young (125952K), 3 survivors (3072K)
 Metaspace       used 160585K, committed 162496K, reserved 1245184K
  class space    used 21096K, committed 22016K, reserved 1048576K
}
Event: 8972.636 GC heap after
{Heap after GC invocations=96 (full 1):
 garbage-first heap   total 365568K, used 104308K [0x0000000080000000, 0x0000000100000000)
  region size 1024K, 0 young (0K), 0 survivors (0K)
 Metaspace       used 160061K, committed 162496K, reserved 1245184K
  class space    used 21001K, committed 22016K, reserved 1048576K
}
Event: 9919.494 GC heap before
{Heap before GC invocations=96 (full 1):
 garbage-first heap   total 365568K, used 284532K [0x0000000080000000, 0x0000000100000000)
  region size 1024K, 177 young (181248K), 0 survivors (0K)
 Metaspace       used 160375K, committed 162496K, reserved 1245184K
  class space    used 21044K, committed 22016K, reserved 1048576K
}
Event: 9919.522 GC heap after
{Heap after GC invocations=97 (full 1):
 garbage-first heap   total 365568K, used 118851K [0x0000000080000000, 0x0000000100000000)
  region size 1024K, 15 young (15360K), 15 survivors (15360K)
 Metaspace       used 160375K, committed 162496K, reserved 1245184K
  class space    used 21044K, committed 22016K, reserved 1048576K
}
Event: 9921.322 GC heap before
{Heap before GC invocations=98 (full 1):
 garbage-first heap   total 365568K, used 315459K [0x0000000080000000, 0x0000000100000000)
  region size 1024K, 177 young (181248K), 15 survivors (15360K)
 Metaspace       used 160203K, committed 162496K, reserved 1245184K
  class space    used 20999K, committed 22016K, reserved 1048576K
}
Event: 9921.342 GC heap after
{Heap after GC invocations=99 (full 1):
 garbage-first heap   total 365568K, used 126387K [0x0000000080000000, 0x0000000100000000)
  region size 1024K, 8 young (8192K), 8 survivors (8192K)
 Metaspace       used 160203K, committed 162496K, reserved 1245184K
  class space    used 20999K, committed 22016K, reserved 1048576K
}
Event: 9921.355 GC heap before
{Heap before GC invocations=99 (full 1):
 garbage-first heap   total 365568K, used 134579K [0x0000000080000000, 0x0000000100000000)
  region size 1024K, 17 young (17408K), 8 survivors (8192K)
 Metaspace       used 160214K, committed 162496K, reserved 1245184K
  class space    used 20999K, committed 22016K, reserved 1048576K
}
Event: 9921.361 GC heap after
{Heap after GC invocations=100 (full 1):
 garbage-first heap   total 365568K, used 127417K [0x0000000080000000, 0x0000000100000000)
  region size 1024K, 1 young (1024K), 1 survivors (1024K)
 Metaspace       used 160214K, committed 162496K, reserved 1245184K
  class space    used 20999K, committed 22016K, reserved 1048576K
}
Event: 9923.436 GC heap before
{Heap before GC invocations=100 (full 1):
 garbage-first heap   total 365568K, used 226745K [0x0000000080000000, 0x0000000100000000)
  region size 1024K, 100 young (102400K), 1 survivors (1024K)
 Metaspace       used 160670K, committed 162624K, reserved 1245184K
  class space    used 21029K, committed 22016K, reserved 1048576K
}

