# JRE version: OpenJDK Runtime Environment (17.0.9) (build 17.0.9+0--11185874)
# Java VM: OpenJDK 64-Bit Server VM (17.0.9+0--11185874, mixed mode, tiered, compressed oops, compressed class ptrs, g1 gc, windows-amd64)
GC Precious Log:
 CPUs: 8 total, 8 available
 Memory: 16106M
 Large Page Support: Disabled
 NUMA Support: Disabled
 Compressed Oops: Enabled (32-bit)
 Heap Region Size: 1M
 Heap Min Capacity: 8M
 Heap Initial Capacity: 252M
 Heap Max Capacity: 2G
 Pre-touch: Disabled
 Parallel Workers: 8
 Concurrent Workers: 2
 Concurrent Refinement Workers: 8
 Periodic GC: Disabled
Heap:
 garbage-first heap   total 377856K, used 179024K [0x0000000080000000, 0x0000000100000000)
  region size 1024K, 16 young (16384K), 16 survivors (16384K)
 Metaspace       used 155616K, committed 156928K, reserved 1245184K
  class space    used 21026K, committed 21632K, reserved 1048576K
GC Heap History (20 events):
Event: 461.457 GC heap after
{Heap after GC invocations=63 (full 0):
 garbage-first heap   total 377856K, used 154037K [0x0000000080000000, 0x0000000100000000)
  region size 1024K, 3 young (3072K), 3 survivors (3072K)
 Metaspace       used 148201K, committed 149248K, reserved 1179648K
  class space    used 20272K, committed 20800K, reserved 1048576K
}
Event: 462.578 GC heap before
{Heap before GC invocations=63 (full 0):
 garbage-first heap   total 377856K, used 206261K [0x0000000080000000, 0x0000000100000000)
  region size 1024K, 56 young (57344K), 3 survivors (3072K)
 Metaspace       used 148568K, committed 149568K, reserved 1179648K
  class space    used 20306K, committed 20800K, reserved 1048576K
}
Event: 462.593 GC heap after
{Heap after GC invocations=64 (full 0):
 garbage-first heap   total 377856K, used 159900K [0x0000000080000000, 0x0000000100000000)
  region size 1024K, 9 young (9216K), 9 survivors (9216K)
 Metaspace       used 148568K, committed 149568K, reserved 1179648K
  class space    used 20306K, committed 20800K, reserved 1048576K
}
Event: 467.694 GC heap before
{Heap before GC invocations=65 (full 0):
 garbage-first heap   total 377856K, used 332956K [0x0000000080000000, 0x0000000100000000)
  region size 1024K, 151 young (154624K), 9 survivors (9216K)
 Metaspace       used 153099K, committed 154176K, reserved 1245184K
  class space    used 20809K, committed 21312K, reserved 1048576K
}
Event: 467.707 GC heap after
{Heap after GC invocations=66 (full 0):
 garbage-first heap   total 377856K, used 164893K [0x0000000080000000, 0x0000000100000000)
  region size 1024K, 17 young (17408K), 17 survivors (17408K)
 Metaspace       used 153099K, committed 154176K, reserved 1245184K
  class space    used 20809K, committed 21312K, reserved 1048576K
}
Event: 467.712 GC heap before
{Heap before GC invocations=66 (full 0):
 garbage-first heap   total 377856K, used 165917K [0x0000000080000000, 0x0000000100000000)
  region size 1024K, 18 young (18432K), 17 survivors (17408K)
 Metaspace       used 153099K, committed 154176K, reserved 1245184K
  class space    used 20809K, committed 21312K, reserved 1048576K
}
Event: 467.725 GC heap after
{Heap after GC invocations=67 (full 0):
 garbage-first heap   total 377856K, used 155986K [0x0000000080000000, 0x0000000100000000)
  region size 1024K, 2 young (2048K), 2 survivors (2048K)
 Metaspace       used 153099K, committed 154176K, reserved 1245184K
  class space    used 20809K, committed 21312K, reserved 1048576K
}
Event: 469.437 GC heap before
{Heap before GC invocations=67 (full 0):
 garbage-first heap   total 377856K, used 203090K [0x0000000080000000, 0x0000000100000000)
  region size 1024K, 50 young (51200K), 2 survivors (2048K)
 Metaspace       used 153363K, committed 154496K, reserved 1245184K
  class space    used 20827K, committed 21376K, reserved 1048576K
}
Event: 469.443 GC heap after
{Heap after GC invocations=68 (full 0):
 garbage-first heap   total 377856K, used 160986K [0x0000000080000000, 0x0000000100000000)
  region size 1024K, 7 young (7168K), 7 survivors (7168K)
 Metaspace       used 153363K, committed 154496K, reserved 1245184K
  class space    used 20827K, committed 21376K, reserved 1048576K
}
Event: 499.332 GC heap before
{Heap before GC invocations=69 (full 0):
 garbage-first heap   total 377856K, used 348378K [0x0000000080000000, 0x0000000100000000)
  region size 1024K, 121 young (123904K), 7 survivors (7168K)
 Metaspace       used 153872K, committed 155008K, reserved 1245184K
  class space    used 20863K, committed 21376K, reserved 1048576K
}
Event: 499.341 GC heap after
{Heap after GC invocations=70 (full 0):
 garbage-first heap   total 377856K, used 165533K [0x0000000080000000, 0x0000000100000000)
  region size 1024K, 9 young (9216K), 9 survivors (9216K)
 Metaspace       used 153872K, committed 155008K, reserved 1245184K
  class space    used 20863K, committed 21376K, reserved 1048576K
}
Event: 499.398 GC heap before
{Heap before GC invocations=70 (full 0):
 garbage-first heap   total 377856K, used 174749K [0x0000000080000000, 0x0000000100000000)
  region size 1024K, 18 young (18432K), 9 survivors (9216K)
 Metaspace       used 153893K, committed 155008K, reserved 1245184K
  class space    used 20863K, committed 21376K, reserved 1048576K
}
Event: 499.409 GC heap after
{Heap after GC invocations=71 (full 0):
 garbage-first heap   total 377856K, used 160714K [0x0000000080000000, 0x0000000100000000)
  region size 1024K, 3 young (3072K), 3 survivors (3072K)
 Metaspace       used 153893K, committed 155008K, reserved 1245184K
  class space    used 20863K, committed 21376K, reserved 1048576K
}
Event: 1022.706 GC heap before
{Heap before GC invocations=71 (full 0):
 garbage-first heap   total 377856K, used 297930K [0x0000000080000000, 0x0000000100000000)
  region size 1024K, 137 young (140288K), 3 survivors (3072K)
 Metaspace       used 154294K, committed 155456K, reserved 1245184K
  class space    used 20883K, committed 21440K, reserved 1048576K
}
Event: 1022.719 GC heap after
{Heap after GC invocations=72 (full 0):
 garbage-first heap   total 377856K, used 171833K [0x0000000080000000, 0x0000000100000000)
  region size 1024K, 14 young (14336K), 14 survivors (14336K)
 Metaspace       used 154294K, committed 155456K, reserved 1245184K
  class space    used 20883K, committed 21440K, reserved 1048576K
}
Event: 1043.302 GC heap before
{Heap before GC invocations=73 (full 0):
 garbage-first heap   total 377856K, used 299833K [0x0000000080000000, 0x0000000100000000)
  region size 1024K, 139 young (142336K), 14 survivors (14336K)
 Metaspace       used 154919K, committed 156096K, reserved 1245184K
  class space    used 20961K, committed 21504K, reserved 1048576K
}
Event: 1043.314 GC heap after
{Heap after GC invocations=74 (full 0):
 garbage-first heap   total 377856K, used 179930K [0x0000000080000000, 0x0000000100000000)
  region size 1024K, 8 young (8192K), 8 survivors (8192K)
 Metaspace       used 154919K, committed 156096K, reserved 1245184K
  class space    used 20961K, committed 21504K, reserved 1048576K
}
Event: 1043.418 GC heap before
{Heap before GC invocations=74 (full 0):
 garbage-first heap   total 377856K, used 190170K [0x0000000080000000, 0x0000000100000000)
  region size 1024K, 18 young (18432K), 8 survivors (8192K)
 Metaspace       used 154971K, committed 156160K, reserved 1245184K
  class space    used 20961K, committed 21504K, reserved 1048576K
}
Event: 1043.428 GC heap after
{Heap after GC invocations=75 (full 0):
 garbage-first heap   total 377856K, used 166026K [0x0000000080000000, 0x0000000100000000)
  region size 1024K, 3 young (3072K), 3 survivors (3072K)
 Metaspace       used 154971K, committed 156160K, reserved 1245184K
  class space    used 20961K, committed 21504K, reserved 1048576K
}
Event: 1217.627 GC heap before
{Heap before GC invocations=75 (full 0):
 garbage-first heap   total 377856K, used 301194K [0x0000000080000000, 0x0000000100000000)
  region size 1024K, 136 young (139264K), 3 survivors (3072K)
 Metaspace       used 155616K, committed 156928K, reserved 1245184K
  class space    used 21026K, committed 21632K, reserved 1048576K
}

