# JRE version: OpenJDK Runtime Environment (17.0.9) (build 17.0.9+0--11185874)
# Java VM: OpenJDK 64-Bit Server VM (17.0.9+0--11185874, mixed mode, tiered, compressed oops, compressed class ptrs, g1 gc, windows-amd64)
GC Precious Log:
 CPUs: 8 total, 8 available
 Memory: 16106M
 Large Page Support: Disabled
 NUMA Support: Disabled
 Compressed Oops: Enabled (32-bit)
 Heap Region Size: 1M
 Heap Min Capacity: 8M
 Heap Initial Capacity: 252M
 Heap Max Capacity: 2G
 Pre-touch: Disabled
 Parallel Workers: 8
 Concurrent Workers: 2
 Concurrent Refinement Workers: 8
 Periodic GC: Disabled
Heap:
 garbage-first heap   total 286720K, used 182915K [0x0000000080000000, 0x0000000100000000)
  region size 1024K, 21 young (21504K), 5 survivors (5120K)
 Metaspace       used 141476K, committed 142464K, reserved 1179648K
  class space    used 19880K, committed 20352K, reserved 1048576K
GC Heap History (20 events):
Event: 22.035 GC heap before
{Heap before GC invocations=48 (full 0):
 garbage-first heap   total 238592K, used 196422K [0x0000000080000000, 0x0000000100000000)
  region size 1024K, 87 young (89088K), 12 survivors (12288K)
 Metaspace       used 115612K, committed 116416K, reserved 1179648K
  class space    used 15740K, committed 16128K, reserved 1048576K
}
Event: 22.047 GC heap after
{Heap after GC invocations=49 (full 0):
 garbage-first heap   total 238592K, used 124057K [0x0000000080000000, 0x0000000100000000)
  region size 1024K, 5 young (5120K), 5 survivors (5120K)
 Metaspace       used 115612K, committed 116416K, reserved 1179648K
  class space    used 15740K, committed 16128K, reserved 1048576K
}
Event: 23.619 GC heap before
{Heap before GC invocations=49 (full 0):
 garbage-first heap   total 238592K, used 199833K [0x0000000080000000, 0x0000000100000000)
  region size 1024K, 78 young (79872K), 5 survivors (5120K)
 Metaspace       used 119468K, committed 120256K, reserved 1179648K
  class space    used 16162K, committed 16512K, reserved 1048576K
}
Event: 23.637 GC heap after
{Heap after GC invocations=50 (full 0):
 garbage-first heap   total 238592K, used 142336K [0x0000000080000000, 0x0000000100000000)
  region size 1024K, 10 young (10240K), 10 survivors (10240K)
 Metaspace       used 119468K, committed 120256K, reserved 1179648K
  class space    used 16162K, committed 16512K, reserved 1048576K
}
Event: 24.455 GC heap before
{Heap before GC invocations=50 (full 0):
 garbage-first heap   total 238592K, used 195584K [0x0000000080000000, 0x0000000100000000)
  region size 1024K, 63 young (64512K), 10 survivors (10240K)
 Metaspace       used 120317K, committed 121152K, reserved 1179648K
  class space    used 16233K, committed 16640K, reserved 1048576K
}
Event: 24.478 GC heap after
{Heap after GC invocations=51 (full 0):
 garbage-first heap   total 238592K, used 149504K [0x0000000080000000, 0x0000000100000000)
  region size 1024K, 8 young (8192K), 8 survivors (8192K)
 Metaspace       used 120317K, committed 121152K, reserved 1179648K
  class space    used 16233K, committed 16640K, reserved 1048576K
}
Event: 24.965 GC heap before
{Heap before GC invocations=51 (full 0):
 garbage-first heap   total 238592K, used 198656K [0x0000000080000000, 0x0000000100000000)
  region size 1024K, 53 young (54272K), 8 survivors (8192K)
 Metaspace       used 121827K, committed 122688K, reserved 1179648K
  class space    used 16465K, committed 16896K, reserved 1048576K
}
Event: 24.978 GC heap after
{Heap after GC invocations=52 (full 0):
 garbage-first heap   total 238592K, used 153071K [0x0000000080000000, 0x0000000100000000)
  region size 1024K, 4 young (4096K), 4 survivors (4096K)
 Metaspace       used 121827K, committed 122688K, reserved 1179648K
  class space    used 16465K, committed 16896K, reserved 1048576K
}
Event: 25.631 GC heap before
{Heap before GC invocations=52 (full 0):
 garbage-first heap   total 238592K, used 196079K [0x0000000080000000, 0x0000000100000000)
  region size 1024K, 47 young (48128K), 4 survivors (4096K)
 Metaspace       used 126137K, committed 126976K, reserved 1179648K
  class space    used 17127K, committed 17536K, reserved 1048576K
}
Event: 25.641 GC heap after
{Heap after GC invocations=53 (full 0):
 garbage-first heap   total 238592K, used 158417K [0x0000000080000000, 0x0000000100000000)
  region size 1024K, 6 young (6144K), 6 survivors (6144K)
 Metaspace       used 126137K, committed 126976K, reserved 1179648K
  class space    used 17127K, committed 17536K, reserved 1048576K
}
Event: 26.058 GC heap before
{Heap before GC invocations=53 (full 0):
 garbage-first heap   total 238592K, used 197329K [0x0000000080000000, 0x0000000100000000)
  region size 1024K, 45 young (46080K), 6 survivors (6144K)
 Metaspace       used 129769K, committed 130624K, reserved 1179648K
  class space    used 17717K, committed 18176K, reserved 1048576K
}
Event: 26.068 GC heap after
{Heap after GC invocations=54 (full 0):
 garbage-first heap   total 238592K, used 164114K [0x0000000080000000, 0x0000000100000000)
  region size 1024K, 6 young (6144K), 6 survivors (6144K)
 Metaspace       used 129769K, committed 130624K, reserved 1179648K
  class space    used 17717K, committed 18176K, reserved 1048576K
}
Event: 26.570 GC heap before
{Heap before GC invocations=54 (full 0):
 garbage-first heap   total 238592K, used 197906K [0x0000000080000000, 0x0000000100000000)
  region size 1024K, 40 young (40960K), 6 survivors (6144K)
 Metaspace       used 133938K, committed 134848K, reserved 1179648K
  class space    used 18597K, committed 19008K, reserved 1048576K
}
Event: 26.581 GC heap after
{Heap after GC invocations=55 (full 0):
 garbage-first heap   total 286720K, used 165479K [0x0000000080000000, 0x0000000100000000)
  region size 1024K, 2 young (2048K), 2 survivors (2048K)
 Metaspace       used 133938K, committed 134848K, reserved 1179648K
  class space    used 18597K, committed 19008K, reserved 1048576K
}
Event: 27.163 GC heap before
{Heap before GC invocations=55 (full 0):
 garbage-first heap   total 286720K, used 229991K [0x0000000080000000, 0x0000000100000000)
  region size 1024K, 66 young (67584K), 2 survivors (2048K)
 Metaspace       used 137184K, committed 138048K, reserved 1179648K
  class space    used 19170K, committed 19584K, reserved 1048576K
}
Event: 27.170 GC heap after
{Heap after GC invocations=56 (full 0):
 garbage-first heap   total 286720K, used 167759K [0x0000000080000000, 0x0000000100000000)
  region size 1024K, 4 young (4096K), 4 survivors (4096K)
 Metaspace       used 137184K, committed 138048K, reserved 1179648K
  class space    used 19170K, committed 19584K, reserved 1048576K
}
Event: 27.999 GC heap before
{Heap before GC invocations=56 (full 0):
 garbage-first heap   total 286720K, used 234319K [0x0000000080000000, 0x0000000100000000)
  region size 1024K, 70 young (71680K), 4 survivors (4096K)
 Metaspace       used 140209K, committed 141120K, reserved 1179648K
  class space    used 19658K, committed 20096K, reserved 1048576K
}
Event: 28.009 GC heap after
{Heap after GC invocations=57 (full 0):
 garbage-first heap   total 286720K, used 168434K [0x0000000080000000, 0x0000000100000000)
  region size 1024K, 5 young (5120K), 5 survivors (5120K)
 Metaspace       used 140209K, committed 141120K, reserved 1179648K
  class space    used 19658K, committed 20096K, reserved 1048576K
}
Event: 28.309 GC heap before
{Heap before GC invocations=57 (full 0):
 garbage-first heap   total 286720K, used 182770K [0x0000000080000000, 0x0000000100000000)
  region size 1024K, 20 young (20480K), 5 survivors (5120K)
 Metaspace       used 140866K, committed 141760K, reserved 1179648K
  class space    used 19764K, committed 20224K, reserved 1048576K
}
Event: 28.317 GC heap after
{Heap after GC invocations=58 (full 0):
 garbage-first heap   total 286720K, used 168579K [0x0000000080000000, 0x0000000100000000)
  region size 1024K, 5 young (5120K), 5 survivors (5120K)
 Metaspace       used 140866K, committed 141760K, reserved 1179648K
  class space    used 19764K, committed 20224K, reserved 1048576K
}

