# JRE version: OpenJDK Runtime Environment (17.0.9) (build 17.0.9+0--11185874)
# Java VM: OpenJDK 64-Bit Server VM (17.0.9+0--11185874, mixed mode, tiered, compressed oops, compressed class ptrs, g1 gc, windows-amd64)
GC Precious Log:
 CPUs: 8 total, 8 available
 Memory: 16106M
 Large Page Support: Disabled
 NUMA Support: Disabled
 Compressed Oops: Enabled (32-bit)
 Heap Region Size: 1M
 Heap Min Capacity: 8M
 Heap Initial Capacity: 252M
 Heap Max Capacity: 2G
 Pre-touch: Disabled
 Parallel Workers: 8
 Concurrent Workers: 2
 Concurrent Refinement Workers: 8
 Periodic GC: Disabled
Heap:
 garbage-first heap   total 473088K, used 202987K [0x0000000080000000, 0x0000000100000000)
  region size 1024K, 8 young (8192K), 8 survivors (8192K)
 Metaspace       used 156540K, committed 158080K, reserved 1245184K
  class space    used 20966K, committed 21696K, reserved 1048576K
GC Heap History (20 events):
Event: 1623.268 GC heap after
{Heap after GC invocations=61 (full 0):
 garbage-first heap   total 473088K, used 204288K [0x0000000080000000, 0x0000000100000000)
  region size 1024K, 2 young (2048K), 2 survivors (2048K)
 Metaspace       used 153672K, committed 154816K, reserved 1245184K
  class space    used 20738K, committed 21312K, reserved 1048576K
}
Event: 1623.288 GC heap before
{Heap before GC invocations=61 (full 0):
 garbage-first heap   total 473088K, used 204288K [0x0000000080000000, 0x0000000100000000)
  region size 1024K, 3 young (3072K), 2 survivors (2048K)
 Metaspace       used 153672K, committed 154816K, reserved 1245184K
  class space    used 20738K, committed 21312K, reserved 1048576K
}
Event: 1623.290 GC heap after
{Heap after GC invocations=62 (full 0):
 garbage-first heap   total 473088K, used 203352K [0x0000000080000000, 0x0000000100000000)
  region size 1024K, 1 young (1024K), 1 survivors (1024K)
 Metaspace       used 153672K, committed 154816K, reserved 1245184K
  class space    used 20738K, committed 21312K, reserved 1048576K
}
Event: 1626.036 GC heap before
{Heap before GC invocations=63 (full 0):
 garbage-first heap   total 473088K, used 389720K [0x0000000080000000, 0x0000000100000000)
  region size 1024K, 165 young (168960K), 1 survivors (1024K)
 Metaspace       used 154176K, committed 155328K, reserved 1245184K
  class space    used 20742K, committed 21312K, reserved 1048576K
}
Event: 1626.053 GC heap after
{Heap after GC invocations=64 (full 0):
 garbage-first heap   total 473088K, used 229029K [0x0000000080000000, 0x0000000100000000)
  region size 1024K, 21 young (21504K), 21 survivors (21504K)
 Metaspace       used 154176K, committed 155328K, reserved 1245184K
  class space    used 20742K, committed 21312K, reserved 1048576K
}
Event: 1626.071 GC heap before
{Heap before GC invocations=64 (full 0):
 garbage-first heap   total 473088K, used 231077K [0x0000000080000000, 0x0000000100000000)
  region size 1024K, 23 young (23552K), 21 survivors (21504K)
 Metaspace       used 154194K, committed 155392K, reserved 1245184K
  class space    used 20742K, committed 21312K, reserved 1048576K
}
Event: 1626.083 GC heap after
{Heap after GC invocations=65 (full 0):
 garbage-first heap   total 473088K, used 221136K [0x0000000080000000, 0x0000000100000000)
  region size 1024K, 2 young (2048K), 2 survivors (2048K)
 Metaspace       used 154194K, committed 155392K, reserved 1245184K
  class space    used 20742K, committed 21312K, reserved 1048576K
}
Event: 1626.425 GC heap before
{Heap before GC invocations=65 (full 0):
 garbage-first heap   total 473088K, used 256976K [0x0000000080000000, 0x0000000100000000)
  region size 1024K, 39 young (39936K), 2 survivors (2048K)
 Metaspace       used 154574K, committed 155776K, reserved 1245184K
  class space    used 20747K, committed 21312K, reserved 1048576K
}
Event: 1626.428 GC heap after
{Heap after GC invocations=66 (full 0):
 garbage-first heap   total 473088K, used 221309K [0x0000000080000000, 0x0000000100000000)
  region size 1024K, 3 young (3072K), 3 survivors (3072K)
 Metaspace       used 154574K, committed 155776K, reserved 1245184K
  class space    used 20747K, committed 21312K, reserved 1048576K
}
Event: 1672.519 GC heap before
{Heap before GC invocations=67 (full 0):
 garbage-first heap   total 473088K, used 422013K [0x0000000080000000, 0x0000000100000000)
  region size 1024K, 150 young (153600K), 3 survivors (3072K)
 Metaspace       used 154867K, committed 156032K, reserved 1245184K
  class space    used 20749K, committed 21312K, reserved 1048576K
}
Event: 1672.534 GC heap after
{Heap after GC invocations=68 (full 0):
 garbage-first heap   total 473088K, used 220053K [0x0000000080000000, 0x0000000100000000)
  region size 1024K, 19 young (19456K), 19 survivors (19456K)
 Metaspace       used 154867K, committed 156032K, reserved 1245184K
  class space    used 20749K, committed 21312K, reserved 1048576K
}
Event: 1672.561 GC heap before
{Heap before GC invocations=68 (full 0):
 garbage-first heap   total 473088K, used 224149K [0x0000000080000000, 0x0000000100000000)
  region size 1024K, 23 young (23552K), 19 survivors (19456K)
 Metaspace       used 154869K, committed 156032K, reserved 1245184K
  class space    used 20749K, committed 21312K, reserved 1048576K
}
Event: 1672.581 GC heap after
{Heap after GC invocations=69 (full 0):
 garbage-first heap   total 473088K, used 198458K [0x0000000080000000, 0x0000000100000000)
  region size 1024K, 3 young (3072K), 3 survivors (3072K)
 Metaspace       used 154869K, committed 156032K, reserved 1245184K
  class space    used 20749K, committed 21312K, reserved 1048576K
}
Event: 1673.057 GC heap before
{Heap before GC invocations=69 (full 0):
 garbage-first heap   total 473088K, used 266042K [0x0000000080000000, 0x0000000100000000)
  region size 1024K, 71 young (72704K), 3 survivors (3072K)
 Metaspace       used 155232K, committed 156352K, reserved 1245184K
  class space    used 20750K, committed 21312K, reserved 1048576K
}
Event: 1673.064 GC heap after
{Heap after GC invocations=70 (full 0):
 garbage-first heap   total 473088K, used 204180K [0x0000000080000000, 0x0000000100000000)
  region size 1024K, 9 young (9216K), 9 survivors (9216K)
 Metaspace       used 155232K, committed 156352K, reserved 1245184K
  class space    used 20750K, committed 21312K, reserved 1048576K
}
Event: 1694.671 GC heap before
{Heap before GC invocations=71 (full 0):
 garbage-first heap   total 473088K, used 432532K [0x0000000080000000, 0x0000000100000000)
  region size 1024K, 163 young (166912K), 9 survivors (9216K)
 Metaspace       used 156146K, committed 157632K, reserved 1245184K
  class space    used 20926K, committed 21632K, reserved 1048576K
}
Event: 1694.689 GC heap after
{Heap after GC invocations=72 (full 0):
 garbage-first heap   total 473088K, used 225046K [0x0000000080000000, 0x0000000100000000)
  region size 1024K, 21 young (21504K), 21 survivors (21504K)
 Metaspace       used 156146K, committed 157632K, reserved 1245184K
  class space    used 20926K, committed 21632K, reserved 1048576K
}
Event: 1694.700 GC heap before
{Heap before GC invocations=72 (full 0):
 garbage-first heap   total 473088K, used 227094K [0x0000000080000000, 0x0000000100000000)
  region size 1024K, 23 young (23552K), 21 survivors (21504K)
 Metaspace       used 156148K, committed 157632K, reserved 1245184K
  class space    used 20926K, committed 21632K, reserved 1048576K
}
Event: 1694.719 GC heap after
{Heap after GC invocations=73 (full 0):
 garbage-first heap   total 473088K, used 197373K [0x0000000080000000, 0x0000000100000000)
  region size 1024K, 3 young (3072K), 3 survivors (3072K)
 Metaspace       used 156148K, committed 157632K, reserved 1245184K
  class space    used 20926K, committed 21632K, reserved 1048576K
}
Event: 1695.174 GC heap before
{Heap before GC invocations=73 (full 0):
 garbage-first heap   total 473088K, used 261885K [0x0000000080000000, 0x0000000100000000)
  region size 1024K, 68 young (69632K), 3 survivors (3072K)
 Metaspace       used 156540K, committed 158080K, reserved 1245184K
  class space    used 20966K, committed 21696K, reserved 1048576K
}

